2026/01/04 05:44:45 Неизвестный тип тренировки
2026/01/04 05:44:45 Неизвестный тип тренировки
2026/01/04 05:44:45 Ошибка в формате данных
2026/01/04 05:44:45 Количество шагов должно быть больше нуля
2026/01/04 05:44:45 Ошибка в продолжительности тренировки: отрицательная - 0s
2026/01/04 05:50:23 Неизвестный тип тренировки
2026/01/04 05:50:23 Неизвестный тип тренировки
2026/01/04 05:50:23 Ошибка в формате данных
2026/01/04 05:50:23 Количество шагов должно быть больше нуля
2026/01/04 05:50:23 Ошибка в продолжительности тренировки: отрицательная - 0s
2026/01/04 05:51:50 Неизвестный тип тренировки
2026/01/04 05:51:50 Неизвестный тип тренировки
2026/01/04 05:51:50 Ошибка в формате данных
2026/01/04 05:51:50 Количество шагов должно быть больше нуля
2026/01/04 05:51:50 Ошибка в продолжительности тренировки: отрицательная - 0s
2026/01/04 05:52:51 неизвестный тип тренировки
2026/01/04 05:52:51 неизвестный тип тренировки
2026/01/04 05:52:51 Ошибка в формате данных
2026/01/04 05:52:51 Количество шагов должно быть больше нуля
2026/01/04 05:52:51 Ошибка в продолжительности тренировки: отрицательная - 0s
2026/01/04 05:54:09 неизвестный тип тренировки
2026/01/04 05:54:09 неизвестный тип тренировки
2026/01/04 05:54:09 Ошибка в формате данных
2026/01/04 05:54:09 Количество шагов должно быть больше нуля
2026/01/04 05:54:09 Ошибка в продолжительности тренировки: отрицательная - 0s
